<?xml version="1.0" encoding="UTF-8"?>
<!-- Generated by org.testng.reporters.JUnitReportReporter -->
<testsuite hostname="sl-PC" name="testcase.CucumberRunner" tests="1" failures="0" timestamp="27 May 2017 05:48:35 GMT" time="50.359" errors="0">
  <testcase name="feature" time="50.359" classname="testcase.CucumberRunner"/>
</testsuite> <!-- testcase.CucumberRunner -->
