<?xml version="1.0" encoding="UTF-8"?>
<!-- Generated by org.testng.reporters.JUnitReportReporter -->
<testsuite hostname="sl-PC" name="testcase.CucumbeRunner" tests="1" failures="0" timestamp="25 May 2017 02:12:56 GMT" time="49.318" errors="0">
  <testcase name="feature" time="49.318" classname="testcase.CucumbeRunner"/>
</testsuite> <!-- testcase.CucumbeRunner -->
